#
# There is insufficient memory for the Java Runtime Environment to continue.
# Native memory allocation (mmap) failed to map 264241152 bytes for G1 virtual space
# Possible reasons:
#   The system is out of physical RAM or swap space
#   The process is running with CompressedOops enabled, and the Java Heap may be blocking the growth of the native heap
# Possible solutions:
#   Reduce memory load on the system
#   Increase physical memory or swap space
#   Check if swap backing store is full
#   Decrease Java heap size (-Xmx/-Xms)
#   Decrease number of Java threads
#   Decrease Java thread stack sizes (-Xss)
#   Set larger code cache with -XX:ReservedCodeCacheSize=
#   JVM is running with Zero Based Compressed Oops mode in which the Java heap is
#     placed in the first 32GB address space. The Java Heap base address is the
#     maximum limit for the native heap growth. Please use -XX:HeapBaseMinAddress
#     to set the Java Heap base and to place the Java Heap above 32GB virtual address.
# This output file may be truncated or incomplete.
#
#  Out of Memory Error (os_windows.cpp:3769), pid=29212, tid=34764
#
# JRE version:  (17.0.6) (build )
# Java VM: OpenJDK 64-Bit Server VM (17.0.6+0-b2043.56-10027231, mixed mode, sharing, tiered, compressed oops, compressed class ptrs, g1 gc, windows-amd64)
# No core dump will be written. Minidumps are not enabled by default on client versions of Windows
#

---------------  S U M M A R Y ------------

Command Line: org.jetbrains.kotlin.cli.jvm.K2JVMCompiler @C:\AndroidStudioProjects\assignment-1\app\build\20230910_18377654937960699620.compiler.options

Host: 13th Gen Intel(R) Core(TM) i5-1340P, 16 cores, 15G,  Windows 11 , 64 bit Build 22621 (10.0.22621.2070)
Time: Sun Sep 10 23:53:20 2023  Windows 11 , 64 bit Build 22621 (10.0.22621.2070) elapsed time: 0.015653 seconds (0d 0h 0m 0s)

---------------  T H R E A D  ---------------

Current thread (0x0000013d6c707bb0):  JavaThread "Unknown thread" [_thread_in_vm, id=34764, stack(0x0000003460c00000,0x0000003460d00000)]

Stack: [0x0000003460c00000,0x0000003460d00000]
Native frames: (J=compiled Java code, j=interpreted, Vv=VM code, C=native code)
V  [jvm.dll+0x683c9a]
V  [jvm.dll+0x8427a4]
V  [jvm.dll+0x843f9e]
V  [jvm.dll+0x844603]
V  [jvm.dll+0x249b75]
V  [jvm.dll+0x680b69]
V  [jvm.dll+0x67505a]
V  [jvm.dll+0x309acb]
V  [jvm.dll+0x310f86]
V  [jvm.dll+0x3608ee]
V  [jvm.dll+0x360b1f]
V  [jvm.dll+0x2dfbf8]
V  [jvm.dll+0x2e0b64]
V  [jvm.dll+0x814091]
V  [jvm.dll+0x36e6a1]
V  [jvm.dll+0x7f35cc]
V  [jvm.dll+0x3f0e8f]
V  [jvm.dll+0x3f29d1]
C  [jli.dll+0x526b]
C  [ucrtbase.dll+0x29363]
C  [KERNEL32.DLL+0x126ad]
C  [ntdll.dll+0x5aa68]


---------------  P R O C E S S  ---------------

Threads class SMR info:
_java_thread_list=0x00007ffbebfac058, length=0, elements={
}

Java Threads: ( => current thread )

Other Threads:
  0x0000013d6c774c00 GCTaskThread "GC Thread#0" [stack: 0x0000003460d00000,0x0000003460e00000] [id=6096]
  0x0000013d6c785650 ConcurrentGCThread "G1 Main Marker" [stack: 0x0000003460e00000,0x0000003460f00000] [id=25156]
  0x0000013d6c7861c0 ConcurrentGCThread "G1 Conc#0" [stack: 0x0000003460f00000,0x0000003461000000] [id=11408]

[error occurred during error reporting (printing all threads), id 0xc0000005, EXCEPTION_ACCESS_VIOLATION (0xc0000005) at pc=0x00007ffbeb760797]

VM state: not at safepoint (not fully initialized)

VM Mutex/Monitor currently owned by a thread:  ([mutex/lock_event])
[0x0000013d6c704270] Heap_lock - owner thread: 0x0000013d6c707bb0

Heap address: 0x0000000704e00000, size: 4018 MB, Compressed Oops mode: Zero based, Oop shift amount: 3

CDS archive(s) mapped at: [0x0000000000000000-0x0000000000000000-0x0000000000000000), size 0, SharedBaseAddress: 0x0000000800000000, ArchiveRelocationMode: 0.
Narrow klass base: 0x0000000000000000, Narrow klass shift: 0, Narrow klass range: 0x0

GC Precious Log:
<Empty>

Heap:
 garbage-first heap   total 0K, used 0K [0x0000000704e00000, 0x0000000800000000)
  region size 2048K, 0 young (0K), 0 survivors (0K)

[error occurred during error reporting (printing heap information), id 0xc0000005, EXCEPTION_ACCESS_VIOLATION (0xc0000005) at pc=0x00007ffbebb4da89]

GC Heap History (0 events):
No events

Dll operation events (1 events):
Event: 0.011 Loaded shared library C:\Program Files\Android\Android Studio\jbr\bin\java.dll

Deoptimization events (0 events):
No events

Classes unloaded (0 events):
No events

Classes redefined (0 events):
No events

Internal exceptions (0 events):
No events

VM Operations (0 events):
No events

Events (0 events):
No events


Dynamic libraries:
0x00007ff642090000 - 0x00007ff64209a000 	C:\Program Files\Android\Android Studio\jbr\bin\java.exe
0x00007ffc60d70000 - 0x00007ffc60f84000 	C:\Windows\SYSTEM32\ntdll.dll
0x00007ffc5ecb0000 - 0x00007ffc5ed74000 	C:\Windows\System32\KERNEL32.DLL
0x00007ffc5e150000 - 0x00007ffc5e4f4000 	C:\Windows\System32\KERNELBASE.dll
0x00007ffc5e500000 - 0x00007ffc5e611000 	C:\Windows\System32\ucrtbase.dll
0x00007ffc39010000 - 0x00007ffc3902b000 	C:\Program Files\Android\Android Studio\jbr\bin\VCRUNTIME140.dll
0x00007ffc466c0000 - 0x00007ffc466d7000 	C:\Program Files\Android\Android Studio\jbr\bin\jli.dll
0x00007ffc60460000 - 0x00007ffc6060a000 	C:\Windows\System32\USER32.dll
0x00007ffc5e690000 - 0x00007ffc5e6b6000 	C:\Windows\System32\win32u.dll
0x00007ffc5f360000 - 0x00007ffc5f389000 	C:\Windows\System32\GDI32.dll
0x00007ffc5e760000 - 0x00007ffc5e879000 	C:\Windows\System32\gdi32full.dll
0x00007ffc5e6c0000 - 0x00007ffc5e75a000 	C:\Windows\System32\msvcp_win.dll
0x00007ffc3b2b0000 - 0x00007ffc3b53f000 	C:\Windows\WinSxS\amd64_microsoft.windows.common-controls_6595b64144ccf1df_6.0.22621.2070_none_2713e6537381f706\COMCTL32.dll
0x00007ffc60610000 - 0x00007ffc606b7000 	C:\Windows\System32\msvcrt.dll
0x00007ffc60b90000 - 0x00007ffc60bc1000 	C:\Windows\System32\IMM32.DLL
0x00007ffc44b70000 - 0x00007ffc44b7c000 	C:\Program Files\Android\Android Studio\jbr\bin\vcruntime140_1.dll
0x00007ffc1feb0000 - 0x00007ffc1ff3d000 	C:\Program Files\Android\Android Studio\jbr\bin\msvcp140.dll
0x00007ffbeb470000 - 0x00007ffbec0de000 	C:\Program Files\Android\Android Studio\jbr\bin\server\jvm.dll
0x00007ffc5f240000 - 0x00007ffc5f2f0000 	C:\Windows\System32\ADVAPI32.dll
0x00007ffc606c0000 - 0x00007ffc60766000 	C:\Windows\System32\sechost.dll
0x00007ffc60330000 - 0x00007ffc60447000 	C:\Windows\System32\RPCRT4.dll
0x00007ffc53480000 - 0x00007ffc53489000 	C:\Windows\SYSTEM32\WSOCK32.dll
0x00007ffc5f390000 - 0x00007ffc5f401000 	C:\Windows\System32\WS2_32.dll
0x00007ffc455d0000 - 0x00007ffc455da000 	C:\Windows\SYSTEM32\VERSION.dll
0x00007ffc53410000 - 0x00007ffc53444000 	C:\Windows\SYSTEM32\WINMM.dll
0x00007ffc5d280000 - 0x00007ffc5d298000 	C:\Windows\SYSTEM32\kernel.appcore.dll
0x00007ffc54d00000 - 0x00007ffc54d0a000 	C:\Program Files\Android\Android Studio\jbr\bin\jimage.dll
0x00007ffc5bb10000 - 0x00007ffc5bd3e000 	C:\Windows\SYSTEM32\DBGHELP.DLL
0x00007ffc5ee60000 - 0x00007ffc5f1ea000 	C:\Windows\System32\combase.dll
0x00007ffc5ed80000 - 0x00007ffc5ee57000 	C:\Windows\System32\OLEAUT32.dll
0x00007ffc44800000 - 0x00007ffc44832000 	C:\Windows\SYSTEM32\dbgcore.DLL
0x00007ffc5eab0000 - 0x00007ffc5eb2a000 	C:\Windows\System32\bcryptPrimitives.dll
0x00007ffc479f0000 - 0x00007ffc47a15000 	C:\Program Files\Android\Android Studio\jbr\bin\java.dll

dbghelp: loaded successfully - version: 4.0.5 - missing functions: none
symbol engine: initialized successfully - sym options: 0x614 - pdb path: .;C:\Program Files\Android\Android Studio\jbr\bin;C:\Windows\SYSTEM32;C:\Windows\WinSxS\amd64_microsoft.windows.common-controls_6595b64144ccf1df_6.0.22621.2070_none_2713e6537381f706;C:\Program Files\Android\Android Studio\jbr\bin\server

VM Arguments:
java_command: org.jetbrains.kotlin.cli.jvm.K2JVMCompiler @C:\AndroidStudioProjects\assignment-1\app\build\20230910_18377654937960699620.compiler.options
java_class_path (initial): C:\Users\이현도\.gradle\caches\modules-2\files-2.1\org.jetbrains.kotlin\kotlin-compiler-embeddable\1.9.0\2c8c3a7402becca891f12739b3e9fd2dc2adbd7a\kotlin-compiler-embeddable-1.9.0.jar;C:\Users\이현도\.gradle\caches\modules-2\files-2.1\org.jetbrains.kotlin\kotlin-stdlib\1.9.0\8ee15ef0c67dc83d874f412d84378d7f0eb50b63\kotlin-stdlib-1.9.0.jar;C:\Users\이현도\.gradle\caches\modules-2\files-2.1\org.jetbrains.kotlin\kotlin-script-runtime\1.9.0\4b3102cbbb7e1b58d9d1adf89563f00069ffa7d1\kotlin-script-runtime-1.9.0.jar;C:\Users\이현도\.gradle\caches\modules-2\files-2.1\org.jetbrains.kotlin\kotlin-reflect\1.6.10\1cbe9c92c12a94eea200d23c2bbaedaf3daf5132\kotlin-reflect-1.6.10.jar;C:\Users\이현도\.gradle\caches\modules-2\files-2.1\org.jetbrains.kotlin\kotlin-daemon-embeddable\1.9.0\186543f5e28cf8d9a0290fecc2cf34301c40a65c\kotlin-daemon-embeddable-1.9.0.jar;C:\Users\이현도\.gradle\caches\modules-2\files-2.1\org.jetbrains.intellij.deps\trove4j\1.0.20200330\3afb14d5f9ceb459d724e907a21145e8ff394f02\trove4j-1.0.20200330.jar;C:\Users\이현도\.gradle\caches\modules-2\files-2.1\org.jetbrains.kotlin\kotlin-stdlib-common\1.9.0\cd65c21cfd1eec4d44ef09f9f52b6d9f8a720636\kotlin-stdlib-common-1.9.0.jar;C:\Users\이현도\.gradle\caches\modules-2\files-2.1\org.jetbrains\annotations\13.0\919f0dfe192fb4e063e7dacadee7f8bb9a2672a9\annotations-13.0.jar
Launcher Type: SUN_STANDARD

[Global flags]
     intx CICompilerCount                          = 12                                        {product} {ergonomic}
     uint ConcGCThreads                            = 3                                         {product} {ergonomic}
     uint G1ConcRefinementThreads                  = 13                                        {product} {ergonomic}
   size_t G1HeapRegionSize                         = 2097152                                   {product} {ergonomic}
    uintx GCDrainStackTargetSize                   = 64                                        {product} {ergonomic}
   size_t InitialHeapSize                          = 264241152                                 {product} {ergonomic}
   size_t MarkStackSize                            = 4194304                                   {product} {ergonomic}
   size_t MaxHeapSize                              = 4213178368                                {product} {ergonomic}
   size_t MinHeapDeltaBytes                        = 2097152                                   {product} {ergonomic}
   size_t MinHeapSize                              = 8388608                                   {product} {ergonomic}
    uintx NonNMethodCodeHeapSize                   = 7602480                                {pd product} {ergonomic}
    uintx NonProfiledCodeHeapSize                  = 122027880                              {pd product} {ergonomic}
    uintx ProfiledCodeHeapSize                     = 122027880                              {pd product} {ergonomic}
    uintx ReservedCodeCacheSize                    = 251658240                              {pd product} {ergonomic}
     bool SegmentedCodeCache                       = true                                      {product} {ergonomic}
   size_t SoftMaxHeapSize                          = 4213178368                             {manageable} {ergonomic}
     bool UseCompressedClassPointers               = true                           {product lp64_product} {ergonomic}
     bool UseCompressedOops                        = true                           {product lp64_product} {ergonomic}
     bool UseG1GC                                  = true                                      {product} {ergonomic}
     bool UseLargePagesIndividualAllocation        = false                                  {pd product} {ergonomic}

Logging:
Log output configuration:
 #0: stdout all=warning uptime,level,tags
 #1: stderr all=off uptime,level,tags

Environment Variables:
JAVA_HOME=C:\Program Files\Java\jdk-19
PATH=C:\Program Files\Java\jdk-19\bin;C:\Program Files\Common Files\Oracle\Java\javapath;C:\Program Files (x86)\Common Files\Oracle\Java\javapath;C:\Windows\system32;C:\Windows;C:\Windows\System32\Wbem;C:\Windows\System32\WindowsPowerShell\v1.0\;C:\Windows\System32\OpenSSH\;C:\Program Files\Git\cmd;C:\Users\이현도\AppData\Local\Programs\Python\Python311\Scripts\;C:\Users\이현도\AppData\Local\Programs\Python\Python311\;C:\Users\이현도\AppData\Local\Microsoft\WindowsApps
USERNAME=lhd
OS=Windows_NT
PROCESSOR_IDENTIFIER=Intel64 Family 6 Model 186 Stepping 2, GenuineIntel
TMP=C:\Users\이현도\AppData\Local\Temp
TEMP=C:\Users\이현도\AppData\Local\Temp


JNI global refs:

[error occurred during error reporting (JNI global references), id 0xc0000005, EXCEPTION_ACCESS_VIOLATION (0xc0000005) at pc=0x00007ffbeb527a10]


---------------  S Y S T E M  ---------------

OS:
 Windows 11 , 64 bit Build 22621 (10.0.22621.2070)
OS uptime: 4 days 8:13 hours

CPU: total 16 (initial active 16) (8 cores per cpu, 2 threads per core) family 6 model 186 stepping 2 microcode 0x410e, cx8, cmov, fxsr, ht, mmx, 3dnowpref, sse, sse2, sse3, ssse3, sse4.1, sse4.2, popcnt, lzcnt, tsc, tscinvbit, avx, avx2, aes, erms, clmul, bmi1, bmi2, adx, sha, fma, vzeroupper, clflush, clflushopt, clwb

Memory: 4k page, system-wide physical 16066M (361M free)
TotalPageFile size 43869M (AvailPageFile size 247M)
current process WorkingSet (physical memory assigned to process): 11M, peak: 11M
current process commit charge ("private bytes"): 70M, peak: 322M

vm_info: OpenJDK 64-Bit Server VM (17.0.6+0-b2043.56-10027231) for windows-amd64 JRE (17.0.6+0-b2043.56-10027231), built on Apr 28 2023 00:43:19 by "androidbuild" with MS VC++ 16.10 / 16.11 (VS2019)

END.
